  Afichmation.cpp
C:\Users\julio\Documents\GitHub\TP-Final-MAVI\TP-Final-MAVI\Afichmation.cpp(16,30): warning C4244: 'argumento': conversión de 'int' a 'float'; posible pérdida de datos
C:\Users\julio\Documents\GitHub\TP-Final-MAVI\TP-Final-MAVI\Afichmation.cpp(16,18): warning C4244: 'argumento': conversión de 'int' a 'float'; posible pérdida de datos
C:\Users\julio\Documents\GitHub\TP-Final-MAVI\TP-Final-MAVI\Afichmation.cpp(33,30): warning C4244: 'argumento': conversión de 'int' a 'float'; posible pérdida de datos
C:\Users\julio\Documents\GitHub\TP-Final-MAVI\TP-Final-MAVI\Afichmation.cpp(33,18): warning C4244: 'argumento': conversión de 'int' a 'float'; posible pérdida de datos
C:\Users\julio\Documents\GitHub\TP-Final-MAVI\TP-Final-MAVI\Afichmation.cpp(90,12): warning C4018: '>': no coinciden signed/unsigned
C:\Users\julio\Documents\GitHub\TP-Final-MAVI\TP-Final-MAVI\Afichmation.cpp(102,11): warning C4244: 'inicializando': conversión de 'T' a 'int'; posible pérdida de datos
C:\Users\julio\Documents\GitHub\TP-Final-MAVI\TP-Final-MAVI\Afichmation.cpp(102,11): warning C4244:         with
C:\Users\julio\Documents\GitHub\TP-Final-MAVI\TP-Final-MAVI\Afichmation.cpp(102,11): warning C4244:         [
C:\Users\julio\Documents\GitHub\TP-Final-MAVI\TP-Final-MAVI\Afichmation.cpp(102,11): warning C4244:             T=float
C:\Users\julio\Documents\GitHub\TP-Final-MAVI\TP-Final-MAVI\Afichmation.cpp(102,11): warning C4244:         ]
C:\Users\julio\Documents\GitHub\TP-Final-MAVI\TP-Final-MAVI\Afichmation.cpp(108,11): warning C4244: 'inicializando': conversión de 'T' a 'int'; posible pérdida de datos
C:\Users\julio\Documents\GitHub\TP-Final-MAVI\TP-Final-MAVI\Afichmation.cpp(108,11): warning C4244:         with
C:\Users\julio\Documents\GitHub\TP-Final-MAVI\TP-Final-MAVI\Afichmation.cpp(108,11): warning C4244:         [
C:\Users\julio\Documents\GitHub\TP-Final-MAVI\TP-Final-MAVI\Afichmation.cpp(108,11): warning C4244:             T=float
C:\Users\julio\Documents\GitHub\TP-Final-MAVI\TP-Final-MAVI\Afichmation.cpp(108,11): warning C4244:         ]
  Asteroide.cpp
C:\Users\julio\Documents\GitHub\TP-Final-MAVI\TP-Final-MAVI\Asteroide.cpp(4,52): warning C4244: 'inicializando': conversión de 'float' a 'int'; posible pérdida de datos
C:\Users\julio\Documents\GitHub\TP-Final-MAVI\TP-Final-MAVI\Asteroide.cpp(4,71): warning C4244: 'inicializando': conversión de 'float' a 'int'; posible pérdida de datos
C:\Users\julio\Documents\GitHub\TP-Final-MAVI\TP-Final-MAVI\Asteroide.cpp(4,95): warning C4244: 'inicializando': conversión de 'float' a 'int'; posible pérdida de datos
C:\Users\julio\Documents\GitHub\TP-Final-MAVI\TP-Final-MAVI\Asteroide.cpp(4,113): warning C4244: 'inicializando': conversión de 'float' a 'int'; posible pérdida de datos
C:\Users\julio\Documents\GitHub\TP-Final-MAVI\TP-Final-MAVI\Asteroide.cpp(7,31): warning C4244: 'argumento': conversión de 'int' a 'float'; posible pérdida de datos
C:\Users\julio\Documents\GitHub\TP-Final-MAVI\TP-Final-MAVI\Asteroide.cpp(23,10): warning C4244: '-=': conversión de 'float' a 'int'; posible pérdida de datos
C:\Users\julio\Documents\GitHub\TP-Final-MAVI\TP-Final-MAVI\Asteroide.cpp(28,42): warning C4244: 'return': conversión de 'const int' a 'float'; posible pérdida de datos
  FinDelJuego.cpp
C:\Users\julio\Documents\GitHub\TP-Final-MAVI\TP-Final-MAVI\FinDelJuego.cpp(13,95): warning C4244: 'argumento': conversión de 'T' a 'int'; posible pérdida de datos
C:\Users\julio\Documents\GitHub\TP-Final-MAVI\TP-Final-MAVI\FinDelJuego.cpp(13,95): warning C4244:         with
C:\Users\julio\Documents\GitHub\TP-Final-MAVI\TP-Final-MAVI\FinDelJuego.cpp(13,95): warning C4244:         [
C:\Users\julio\Documents\GitHub\TP-Final-MAVI\TP-Final-MAVI\FinDelJuego.cpp(13,95): warning C4244:             T=float
C:\Users\julio\Documents\GitHub\TP-Final-MAVI\TP-Final-MAVI\FinDelJuego.cpp(13,95): warning C4244:         ]
C:\Users\julio\Documents\GitHub\TP-Final-MAVI\TP-Final-MAVI\FinDelJuego.cpp(13,65): warning C4244: 'argumento': conversión de 'T' a 'int'; posible pérdida de datos
C:\Users\julio\Documents\GitHub\TP-Final-MAVI\TP-Final-MAVI\FinDelJuego.cpp(13,65): warning C4244:         with
C:\Users\julio\Documents\GitHub\TP-Final-MAVI\TP-Final-MAVI\FinDelJuego.cpp(13,65): warning C4244:         [
C:\Users\julio\Documents\GitHub\TP-Final-MAVI\TP-Final-MAVI\FinDelJuego.cpp(13,65): warning C4244:             T=float
C:\Users\julio\Documents\GitHub\TP-Final-MAVI\TP-Final-MAVI\FinDelJuego.cpp(13,65): warning C4244:         ]
C:\Users\julio\Documents\GitHub\TP-Final-MAVI\TP-Final-MAVI\FinDelJuego.cpp(28,111): warning C4244: 'argumento': conversión de 'T' a 'int'; posible pérdida de datos
C:\Users\julio\Documents\GitHub\TP-Final-MAVI\TP-Final-MAVI\FinDelJuego.cpp(28,111): warning C4244:         with
C:\Users\julio\Documents\GitHub\TP-Final-MAVI\TP-Final-MAVI\FinDelJuego.cpp(28,111): warning C4244:         [
C:\Users\julio\Documents\GitHub\TP-Final-MAVI\TP-Final-MAVI\FinDelJuego.cpp(28,111): warning C4244:             T=float
C:\Users\julio\Documents\GitHub\TP-Final-MAVI\TP-Final-MAVI\FinDelJuego.cpp(28,111): warning C4244:         ]
C:\Users\julio\Documents\GitHub\TP-Final-MAVI\TP-Final-MAVI\FinDelJuego.cpp(28,81): warning C4244: 'argumento': conversión de 'T' a 'int'; posible pérdida de datos
C:\Users\julio\Documents\GitHub\TP-Final-MAVI\TP-Final-MAVI\FinDelJuego.cpp(28,81): warning C4244:         with
C:\Users\julio\Documents\GitHub\TP-Final-MAVI\TP-Final-MAVI\FinDelJuego.cpp(28,81): warning C4244:         [
C:\Users\julio\Documents\GitHub\TP-Final-MAVI\TP-Final-MAVI\FinDelJuego.cpp(28,81): warning C4244:             T=float
C:\Users\julio\Documents\GitHub\TP-Final-MAVI\TP-Final-MAVI\FinDelJuego.cpp(28,81): warning C4244:         ]
C:\Users\julio\Documents\GitHub\TP-Final-MAVI\TP-Final-MAVI\FinDelJuego.cpp(54,39): warning C4244: 'argumento': conversión de 'int' a 'float'; posible pérdida de datos
  HUDPartida.cpp
C:\Users\julio\Documents\GitHub\TP-Final-MAVI\TP-Final-MAVI\HUDPartida.cpp(13,38): warning C4244: 'argumento': conversión de 'double' a 'float'; posible pérdida de datos
C:\Users\julio\Documents\GitHub\TP-Final-MAVI\TP-Final-MAVI\HUDPartida.cpp(46,28): warning C4244: '=': conversión de 'float' a 'int'; posible pérdida de datos
C:\Users\julio\Documents\GitHub\TP-Final-MAVI\TP-Final-MAVI\HUDPartida.cpp(49,28): warning C4244: '=': conversión de 'float' a 'int'; posible pérdida de datos
C:\Users\julio\Documents\GitHub\TP-Final-MAVI\TP-Final-MAVI\HUDPartida.cpp(52,39): warning C4244: 'argumento': conversión de 'int' a 'float'; posible pérdida de datos
C:\Users\julio\Documents\GitHub\TP-Final-MAVI\TP-Final-MAVI\HUDPartida.cpp(52,33): warning C4244: 'argumento': conversión de 'int' a 'float'; posible pérdida de datos
  Item.cpp
C:\Users\julio\Documents\GitHub\TP-Final-MAVI\TP-Final-MAVI\Item.cpp(5,29): warning C4244: 'argumento': conversión de 'int' a 'float'; posible pérdida de datos
  ItemVida.cpp
  Juego.cpp
  main.cpp
  Menu.cpp
C:\Users\julio\Documents\GitHub\TP-Final-MAVI\TP-Final-MAVI\Menu.cpp(75,39): warning C4267: '=': conversión de 'size_t' a 'int'; posible pérdida de datos
C:\Users\julio\Documents\GitHub\TP-Final-MAVI\TP-Final-MAVI\Menu.cpp(78,34): warning C4267: '=': conversión de 'size_t' a 'int'; posible pérdida de datos
C:\Program Files\Microsoft Visual Studio\2022\Community\VC\Tools\MSVC\14.44.35207\include\xutility(476,82): warning C4244: 'argumento': conversión de 'float' a 'int'; posible pérdida de datos
  (compilando archivo de origen "Menu.cpp")
      C:\Program Files\Microsoft Visual Studio\2022\Community\VC\Tools\MSVC\14.44.35207\include\xutility(476,82):
      el contexto de creación de instancias de la plantilla (el más antiguo primero) es
          C:\Users\julio\Documents\GitHub\TP-Final-MAVI\TP-Final-MAVI\Menu.cpp(115,19):
          Vea la referencia a la creación de una instancia de la función plantilla "std::shared_ptr<Afichmation> std::make_shared<Afichmation,const std::string&,bool,float&,float&>(const std::string &,bool &&,float &,float &)" que se está compilando
          C:\Program Files\Microsoft Visual Studio\2022\Community\VC\Tools\MSVC\14.44.35207\include\memory(2913,46):
          Vea la referencia a la creación de una instancia de la función plantilla "std::_Ref_count_obj2<Afichmation>::_Ref_count_obj2<const std::string&,_Ty,float&,float&>(const std::string &,_Ty &&,float &,float &)" que se está compilando
          with
          [
              _Ty=bool
          ]
          C:\Program Files\Microsoft Visual Studio\2022\Community\VC\Tools\MSVC\14.44.35207\include\memory(2100,18):
          Vea la referencia a la creación de una instancia de la función plantilla "void std::_Construct_in_place<_Ty,const std::string&,bool,float&,float&>(_Ty &,const std::string &,bool &&,float &,float &) noexcept(false)" que se está compilando
          with
          [
              _Ty=Afichmation
          ]
  
  MenuPrincipal.cpp
  Nave.cpp
C:\Users\julio\Documents\GitHub\TP-Final-MAVI\TP-Final-MAVI\Nave.cpp(23,20): warning C4244: '-=': conversión de 'float' a 'int'; posible pérdida de datos
C:\Users\julio\Documents\GitHub\TP-Final-MAVI\TP-Final-MAVI\Nave.cpp(28,30): warning C4244: 'return': conversión de 'int' a 'float'; posible pérdida de datos
  Partida.cpp
C:\Program Files\Microsoft Visual Studio\2022\Community\VC\Tools\MSVC\14.44.35207\include\memory(3630,56): warning C4244: 'argumento': conversión de '_Ty' a 'float'; posible pérdida de datos
C:\Program Files\Microsoft Visual Studio\2022\Community\VC\Tools\MSVC\14.44.35207\include\memory(3630,56): warning C4244:         with
C:\Program Files\Microsoft Visual Studio\2022\Community\VC\Tools\MSVC\14.44.35207\include\memory(3630,56): warning C4244:         [
C:\Program Files\Microsoft Visual Studio\2022\Community\VC\Tools\MSVC\14.44.35207\include\memory(3630,56): warning C4244:             _Ty=int
C:\Program Files\Microsoft Visual Studio\2022\Community\VC\Tools\MSVC\14.44.35207\include\memory(3630,56): warning C4244:         ]
  (compilando archivo de origen "Partida.cpp")
      C:\Program Files\Microsoft Visual Studio\2022\Community\VC\Tools\MSVC\14.44.35207\include\memory(3630,56):
      el contexto de creación de instancias de la plantilla (el más antiguo primero) es
          C:\Users\julio\Documents\GitHub\TP-Final-MAVI\TP-Final-MAVI\Partida.cpp(227,25):
          Vea la referencia a la creación de una instancia de la función plantilla "std::unique_ptr<Asteroide,std::default_delete<Asteroide>> std::make_unique<Asteroide,const char(&)[52],int,int,int,int,int,0>(const char (&)[52],int &&,int &&,int &&,int &&,int &&)" que se está compilando
  
  PausaMenu.cpp
  Reloj.h
  Generando código...
Partida.obj : error LNK2001: símbolo externo "__declspec(dllimport) public: float __cdecl sf::Time::asSeconds(void)const " (__imp_?asSeconds@Time@sf@@QEBAMXZ) sin resolver
Afichmation.obj : error LNK2001: símbolo externo "__declspec(dllimport) public: float __cdecl sf::Time::asSeconds(void)const " (__imp_?asSeconds@Time@sf@@QEBAMXZ) sin resolver
FinDelJuego.obj : error LNK2001: símbolo externo "__declspec(dllimport) public: float __cdecl sf::Time::asSeconds(void)const " (__imp_?asSeconds@Time@sf@@QEBAMXZ) sin resolver
Menu.obj : error LNK2001: símbolo externo "__declspec(dllimport) public: float __cdecl sf::Time::asSeconds(void)const " (__imp_?asSeconds@Time@sf@@QEBAMXZ) sin resolver
Nave.obj : error LNK2001: símbolo externo "__declspec(dllimport) public: float __cdecl sf::Time::asSeconds(void)const " (__imp_?asSeconds@Time@sf@@QEBAMXZ) sin resolver
Partida.obj : error LNK2001: símbolo externo "__declspec(dllimport) public: __cdecl sf::Clock::Clock(void)" (__imp_??0Clock@sf@@QEAA@XZ) sin resolver
Afichmation.obj : error LNK2001: símbolo externo "__declspec(dllimport) public: __cdecl sf::Clock::Clock(void)" (__imp_??0Clock@sf@@QEAA@XZ) sin resolver
FinDelJuego.obj : error LNK2001: símbolo externo "__declspec(dllimport) public: __cdecl sf::Clock::Clock(void)" (__imp_??0Clock@sf@@QEAA@XZ) sin resolver
Menu.obj : error LNK2001: símbolo externo "__declspec(dllimport) public: __cdecl sf::Clock::Clock(void)" (__imp_??0Clock@sf@@QEAA@XZ) sin resolver
Nave.obj : error LNK2001: símbolo externo "__declspec(dllimport) public: __cdecl sf::Clock::Clock(void)" (__imp_??0Clock@sf@@QEAA@XZ) sin resolver
Partida.obj : error LNK2001: símbolo externo "__declspec(dllimport) public: class sf::Time __cdecl sf::Clock::getElapsedTime(void)const " (__imp_?getElapsedTime@Clock@sf@@QEBA?AVTime@2@XZ) sin resolver
Afichmation.obj : error LNK2001: símbolo externo "__declspec(dllimport) public: class sf::Time __cdecl sf::Clock::getElapsedTime(void)const " (__imp_?getElapsedTime@Clock@sf@@QEBA?AVTime@2@XZ) sin resolver
FinDelJuego.obj : error LNK2001: símbolo externo "__declspec(dllimport) public: class sf::Time __cdecl sf::Clock::getElapsedTime(void)const " (__imp_?getElapsedTime@Clock@sf@@QEBA?AVTime@2@XZ) sin resolver
Menu.obj : error LNK2001: símbolo externo "__declspec(dllimport) public: class sf::Time __cdecl sf::Clock::getElapsedTime(void)const " (__imp_?getElapsedTime@Clock@sf@@QEBA?AVTime@2@XZ) sin resolver
Nave.obj : error LNK2001: símbolo externo "__declspec(dllimport) public: class sf::Time __cdecl sf::Clock::getElapsedTime(void)const " (__imp_?getElapsedTime@Clock@sf@@QEBA?AVTime@2@XZ) sin resolver
Partida.obj : error LNK2001: símbolo externo "__declspec(dllimport) public: class sf::Time __cdecl sf::Clock::restart(void)" (__imp_?restart@Clock@sf@@QEAA?AVTime@2@XZ) sin resolver
Afichmation.obj : error LNK2001: símbolo externo "__declspec(dllimport) public: class sf::Time __cdecl sf::Clock::restart(void)" (__imp_?restart@Clock@sf@@QEAA?AVTime@2@XZ) sin resolver
FinDelJuego.obj : error LNK2001: símbolo externo "__declspec(dllimport) public: class sf::Time __cdecl sf::Clock::restart(void)" (__imp_?restart@Clock@sf@@QEAA?AVTime@2@XZ) sin resolver
Menu.obj : error LNK2001: símbolo externo "__declspec(dllimport) public: class sf::Time __cdecl sf::Clock::restart(void)" (__imp_?restart@Clock@sf@@QEAA?AVTime@2@XZ) sin resolver
Nave.obj : error LNK2001: símbolo externo "__declspec(dllimport) public: class sf::Time __cdecl sf::Clock::restart(void)" (__imp_?restart@Clock@sf@@QEAA?AVTime@2@XZ) sin resolver
Partida.obj : error LNK2001: símbolo externo "__declspec(dllimport) public: void __cdecl sf::Transformable::setPosition(float,float)" (__imp_?setPosition@Transformable@sf@@QEAAXMM@Z) sin resolver
PausaMenu.obj : error LNK2001: símbolo externo "__declspec(dllimport) public: void __cdecl sf::Transformable::setPosition(float,float)" (__imp_?setPosition@Transformable@sf@@QEAAXMM@Z) sin resolver
Juego.obj : error LNK2001: símbolo externo "__declspec(dllimport) public: void __cdecl sf::Transformable::setPosition(float,float)" (__imp_?setPosition@Transformable@sf@@QEAAXMM@Z) sin resolver
Menu.obj : error LNK2001: símbolo externo "__declspec(dllimport) public: void __cdecl sf::Transformable::setPosition(float,float)" (__imp_?setPosition@Transformable@sf@@QEAAXMM@Z) sin resolver
MenuPrincipal.obj : error LNK2001: símbolo externo "__declspec(dllimport) public: void __cdecl sf::Transformable::setPosition(float,float)" (__imp_?setPosition@Transformable@sf@@QEAAXMM@Z) sin resolver
Nave.obj : error LNK2001: símbolo externo "__declspec(dllimport) public: void __cdecl sf::Transformable::setPosition(float,float)" (__imp_?setPosition@Transformable@sf@@QEAAXMM@Z) sin resolver
Afichmation.obj : error LNK2001: símbolo externo "__declspec(dllimport) public: void __cdecl sf::Transformable::setPosition(float,float)" (__imp_?setPosition@Transformable@sf@@QEAAXMM@Z) sin resolver
FinDelJuego.obj : error LNK2001: símbolo externo "__declspec(dllimport) public: void __cdecl sf::Transformable::setPosition(float,float)" (__imp_?setPosition@Transformable@sf@@QEAAXMM@Z) sin resolver
HUDPartida.obj : error LNK2001: símbolo externo "__declspec(dllimport) public: void __cdecl sf::Transformable::setPosition(float,float)" (__imp_?setPosition@Transformable@sf@@QEAAXMM@Z) sin resolver
Item.obj : error LNK2001: símbolo externo "__declspec(dllimport) public: void __cdecl sf::Transformable::setPosition(float,float)" (__imp_?setPosition@Transformable@sf@@QEAAXMM@Z) sin resolver
Afichmation.obj : error LNK2019: símbolo externo "__declspec(dllimport) public: void __cdecl sf::Transformable::setPosition(class sf::Vector2<float> const &)" (__imp_?setPosition@Transformable@sf@@QEAAXAEBV?$Vector2@M@2@@Z) sin resolver al que se hace referencia en la función "public: void __cdecl Afichmation::setPosition(class sf::Vector2<float> const &)" (?setPosition@Afichmation@@QEAAXAEBV?$Vector2@M@sf@@@Z)
Juego.obj : error LNK2001: símbolo externo "__declspec(dllimport) public: void __cdecl sf::Transformable::setPosition(class sf::Vector2<float> const &)" (__imp_?setPosition@Transformable@sf@@QEAAXAEBV?$Vector2@M@2@@Z) sin resolver
Nave.obj : error LNK2001: símbolo externo "__declspec(dllimport) public: void __cdecl sf::Transformable::setPosition(class sf::Vector2<float> const &)" (__imp_?setPosition@Transformable@sf@@QEAAXAEBV?$Vector2@M@2@@Z) sin resolver
PausaMenu.obj : error LNK2001: símbolo externo "__declspec(dllimport) public: void __cdecl sf::Transformable::setScale(float,float)" (__imp_?setScale@Transformable@sf@@QEAAXMM@Z) sin resolver
Afichmation.obj : error LNK2001: símbolo externo "__declspec(dllimport) public: void __cdecl sf::Transformable::setScale(float,float)" (__imp_?setScale@Transformable@sf@@QEAAXMM@Z) sin resolver
HUDPartida.obj : error LNK2001: símbolo externo "__declspec(dllimport) public: void __cdecl sf::Transformable::setScale(float,float)" (__imp_?setScale@Transformable@sf@@QEAAXMM@Z) sin resolver
Juego.obj : error LNK2001: símbolo externo "__declspec(dllimport) public: void __cdecl sf::Transformable::setScale(float,float)" (__imp_?setScale@Transformable@sf@@QEAAXMM@Z) sin resolver
MenuPrincipal.obj : error LNK2001: símbolo externo "__declspec(dllimport) public: void __cdecl sf::Transformable::setScale(float,float)" (__imp_?setScale@Transformable@sf@@QEAAXMM@Z) sin resolver
PausaMenu.obj : error LNK2001: símbolo externo "__declspec(dllimport) public: void __cdecl sf::Transformable::setOrigin(float,float)" (__imp_?setOrigin@Transformable@sf@@QEAAXMM@Z) sin resolver
Menu.obj : error LNK2001: símbolo externo "__declspec(dllimport) public: void __cdecl sf::Transformable::setOrigin(float,float)" (__imp_?setOrigin@Transformable@sf@@QEAAXMM@Z) sin resolver
MenuPrincipal.obj : error LNK2001: símbolo externo "__declspec(dllimport) public: void __cdecl sf::Transformable::setOrigin(float,float)" (__imp_?setOrigin@Transformable@sf@@QEAAXMM@Z) sin resolver
Nave.obj : error LNK2001: símbolo externo "__declspec(dllimport) public: void __cdecl sf::Transformable::setOrigin(float,float)" (__imp_?setOrigin@Transformable@sf@@QEAAXMM@Z) sin resolver
Partida.obj : error LNK2001: símbolo externo "__declspec(dllimport) public: void __cdecl sf::Transformable::setOrigin(float,float)" (__imp_?setOrigin@Transformable@sf@@QEAAXMM@Z) sin resolver
Afichmation.obj : error LNK2001: símbolo externo "__declspec(dllimport) public: void __cdecl sf::Transformable::setOrigin(float,float)" (__imp_?setOrigin@Transformable@sf@@QEAAXMM@Z) sin resolver
FinDelJuego.obj : error LNK2001: símbolo externo "__declspec(dllimport) public: void __cdecl sf::Transformable::setOrigin(float,float)" (__imp_?setOrigin@Transformable@sf@@QEAAXMM@Z) sin resolver
HUDPartida.obj : error LNK2001: símbolo externo "__declspec(dllimport) public: void __cdecl sf::Transformable::setOrigin(float,float)" (__imp_?setOrigin@Transformable@sf@@QEAAXMM@Z) sin resolver
Item.obj : error LNK2001: símbolo externo "__declspec(dllimport) public: void __cdecl sf::Transformable::setOrigin(float,float)" (__imp_?setOrigin@Transformable@sf@@QEAAXMM@Z) sin resolver
Afichmation.obj : error LNK2019: símbolo externo "__declspec(dllimport) public: class sf::Vector2<float> const & __cdecl sf::Transformable::getScale(void)const " (__imp_?getScale@Transformable@sf@@QEBAAEBV?$Vector2@M@2@XZ) sin resolver al que se hace referencia en la función "public: class sf::Vector2<float> const & __cdecl Afichmation::getScale(void)" (?getScale@Afichmation@@QEAAAEBV?$Vector2@M@sf@@XZ)
PausaMenu.obj : error LNK2001: símbolo externo "__declspec(dllimport) public: __cdecl sf::Texture::Texture(void)" (__imp_??0Texture@sf@@QEAA@XZ) sin resolver
Menu.obj : error LNK2001: símbolo externo "__declspec(dllimport) public: __cdecl sf::Texture::Texture(void)" (__imp_??0Texture@sf@@QEAA@XZ) sin resolver
MenuPrincipal.obj : error LNK2001: símbolo externo "__declspec(dllimport) public: __cdecl sf::Texture::Texture(void)" (__imp_??0Texture@sf@@QEAA@XZ) sin resolver
Nave.obj : error LNK2001: símbolo externo "__declspec(dllimport) public: __cdecl sf::Texture::Texture(void)" (__imp_??0Texture@sf@@QEAA@XZ) sin resolver
Partida.obj : error LNK2001: símbolo externo "__declspec(dllimport) public: __cdecl sf::Texture::Texture(void)" (__imp_??0Texture@sf@@QEAA@XZ) sin resolver
Afichmation.obj : error LNK2001: símbolo externo "__declspec(dllimport) public: __cdecl sf::Texture::Texture(void)" (__imp_??0Texture@sf@@QEAA@XZ) sin resolver
FinDelJuego.obj : error LNK2001: símbolo externo "__declspec(dllimport) public: __cdecl sf::Texture::Texture(void)" (__imp_??0Texture@sf@@QEAA@XZ) sin resolver
HUDPartida.obj : error LNK2001: símbolo externo "__declspec(dllimport) public: __cdecl sf::Texture::Texture(void)" (__imp_??0Texture@sf@@QEAA@XZ) sin resolver
Item.obj : error LNK2001: símbolo externo "__declspec(dllimport) public: __cdecl sf::Texture::Texture(void)" (__imp_??0Texture@sf@@QEAA@XZ) sin resolver
PausaMenu.obj : error LNK2001: símbolo externo "__declspec(dllimport) public: bool __cdecl sf::Texture::loadFromFile(class std::basic_string<char,struct std::char_traits<char>,class std::allocator<char> > const &,class sf::Rect<int> const &)" (__imp_?loadFromFile@Texture@sf@@QEAA_NAEBV?$basic_string@DU?$char_traits@D@std@@V?$allocator@D@2@@std@@AEBV?$Rect@H@2@@Z) sin resolver
Menu.obj : error LNK2001: símbolo externo "__declspec(dllimport) public: bool __cdecl sf::Texture::loadFromFile(class std::basic_string<char,struct std::char_traits<char>,class std::allocator<char> > const &,class sf::Rect<int> const &)" (__imp_?loadFromFile@Texture@sf@@QEAA_NAEBV?$basic_string@DU?$char_traits@D@std@@V?$allocator@D@2@@std@@AEBV?$Rect@H@2@@Z) sin resolver
MenuPrincipal.obj : error LNK2001: símbolo externo "__declspec(dllimport) public: bool __cdecl sf::Texture::loadFromFile(class std::basic_string<char,struct std::char_traits<char>,class std::allocator<char> > const &,class sf::Rect<int> const &)" (__imp_?loadFromFile@Texture@sf@@QEAA_NAEBV?$basic_string@DU?$char_traits@D@std@@V?$allocator@D@2@@std@@AEBV?$Rect@H@2@@Z) sin resolver
Nave.obj : error LNK2001: símbolo externo "__declspec(dllimport) public: bool __cdecl sf::Texture::loadFromFile(class std::basic_string<char,struct std::char_traits<char>,class std::allocator<char> > const &,class sf::Rect<int> const &)" (__imp_?loadFromFile@Texture@sf@@QEAA_NAEBV?$basic_string@DU?$char_traits@D@std@@V?$allocator@D@2@@std@@AEBV?$Rect@H@2@@Z) sin resolver
Partida.obj : error LNK2001: símbolo externo "__declspec(dllimport) public: bool __cdecl sf::Texture::loadFromFile(class std::basic_string<char,struct std::char_traits<char>,class std::allocator<char> > const &,class sf::Rect<int> const &)" (__imp_?loadFromFile@Texture@sf@@QEAA_NAEBV?$basic_string@DU?$char_traits@D@std@@V?$allocator@D@2@@std@@AEBV?$Rect@H@2@@Z) sin resolver
Afichmation.obj : error LNK2001: símbolo externo "__declspec(dllimport) public: bool __cdecl sf::Texture::loadFromFile(class std::basic_string<char,struct std::char_traits<char>,class std::allocator<char> > const &,class sf::Rect<int> const &)" (__imp_?loadFromFile@Texture@sf@@QEAA_NAEBV?$basic_string@DU?$char_traits@D@std@@V?$allocator@D@2@@std@@AEBV?$Rect@H@2@@Z) sin resolver
FinDelJuego.obj : error LNK2001: símbolo externo "__declspec(dllimport) public: bool __cdecl sf::Texture::loadFromFile(class std::basic_string<char,struct std::char_traits<char>,class std::allocator<char> > const &,class sf::Rect<int> const &)" (__imp_?loadFromFile@Texture@sf@@QEAA_NAEBV?$basic_string@DU?$char_traits@D@std@@V?$allocator@D@2@@std@@AEBV?$Rect@H@2@@Z) sin resolver
HUDPartida.obj : error LNK2001: símbolo externo "__declspec(dllimport) public: bool __cdecl sf::Texture::loadFromFile(class std::basic_string<char,struct std::char_traits<char>,class std::allocator<char> > const &,class sf::Rect<int> const &)" (__imp_?loadFromFile@Texture@sf@@QEAA_NAEBV?$basic_string@DU?$char_traits@D@std@@V?$allocator@D@2@@std@@AEBV?$Rect@H@2@@Z) sin resolver
Item.obj : error LNK2001: símbolo externo "__declspec(dllimport) public: bool __cdecl sf::Texture::loadFromFile(class std::basic_string<char,struct std::char_traits<char>,class std::allocator<char> > const &,class sf::Rect<int> const &)" (__imp_?loadFromFile@Texture@sf@@QEAA_NAEBV?$basic_string@DU?$char_traits@D@std@@V?$allocator@D@2@@std@@AEBV?$Rect@H@2@@Z) sin resolver
Afichmation.obj : error LNK2019: símbolo externo "__declspec(dllimport) public: class sf::Vector2<unsigned int> __cdecl sf::Texture::getSize(void)const " (__imp_?getSize@Texture@sf@@QEBA?AV?$Vector2@I@2@XZ) sin resolver al que se hace referencia en la función "private: void __cdecl Afichmation::SetCurrentFrame(void)" (?SetCurrentFrame@Afichmation@@AEAAXXZ)
Partida.obj : error LNK2001: símbolo externo "__declspec(dllimport) public: __cdecl sf::Sprite::Sprite(void)" (__imp_??0Sprite@sf@@QEAA@XZ) sin resolver
PausaMenu.obj : error LNK2001: símbolo externo "__declspec(dllimport) public: __cdecl sf::Sprite::Sprite(void)" (__imp_??0Sprite@sf@@QEAA@XZ) sin resolver
Juego.obj : error LNK2001: símbolo externo "__declspec(dllimport) public: __cdecl sf::Sprite::Sprite(void)" (__imp_??0Sprite@sf@@QEAA@XZ) sin resolver
Menu.obj : error LNK2001: símbolo externo "__declspec(dllimport) public: __cdecl sf::Sprite::Sprite(void)" (__imp_??0Sprite@sf@@QEAA@XZ) sin resolver
MenuPrincipal.obj : error LNK2001: símbolo externo "__declspec(dllimport) public: __cdecl sf::Sprite::Sprite(void)" (__imp_??0Sprite@sf@@QEAA@XZ) sin resolver
Nave.obj : error LNK2001: símbolo externo "__declspec(dllimport) public: __cdecl sf::Sprite::Sprite(void)" (__imp_??0Sprite@sf@@QEAA@XZ) sin resolver
Afichmation.obj : error LNK2001: símbolo externo "__declspec(dllimport) public: __cdecl sf::Sprite::Sprite(void)" (__imp_??0Sprite@sf@@QEAA@XZ) sin resolver
FinDelJuego.obj : error LNK2001: símbolo externo "__declspec(dllimport) public: __cdecl sf::Sprite::Sprite(void)" (__imp_??0Sprite@sf@@QEAA@XZ) sin resolver
HUDPartida.obj : error LNK2001: símbolo externo "__declspec(dllimport) public: __cdecl sf::Sprite::Sprite(void)" (__imp_??0Sprite@sf@@QEAA@XZ) sin resolver
Item.obj : error LNK2001: símbolo externo "__declspec(dllimport) public: __cdecl sf::Sprite::Sprite(void)" (__imp_??0Sprite@sf@@QEAA@XZ) sin resolver
Partida.obj : error LNK2001: símbolo externo "__declspec(dllimport) public: void __cdecl sf::Sprite::setTexture(class sf::Texture const &,bool)" (__imp_?setTexture@Sprite@sf@@QEAAXAEBVTexture@2@_N@Z) sin resolver
PausaMenu.obj : error LNK2001: símbolo externo "__declspec(dllimport) public: void __cdecl sf::Sprite::setTexture(class sf::Texture const &,bool)" (__imp_?setTexture@Sprite@sf@@QEAAXAEBVTexture@2@_N@Z) sin resolver
Juego.obj : error LNK2001: símbolo externo "__declspec(dllimport) public: void __cdecl sf::Sprite::setTexture(class sf::Texture const &,bool)" (__imp_?setTexture@Sprite@sf@@QEAAXAEBVTexture@2@_N@Z) sin resolver
Menu.obj : error LNK2001: símbolo externo "__declspec(dllimport) public: void __cdecl sf::Sprite::setTexture(class sf::Texture const &,bool)" (__imp_?setTexture@Sprite@sf@@QEAAXAEBVTexture@2@_N@Z) sin resolver
MenuPrincipal.obj : error LNK2001: símbolo externo "__declspec(dllimport) public: void __cdecl sf::Sprite::setTexture(class sf::Texture const &,bool)" (__imp_?setTexture@Sprite@sf@@QEAAXAEBVTexture@2@_N@Z) sin resolver
Nave.obj : error LNK2001: símbolo externo "__declspec(dllimport) public: void __cdecl sf::Sprite::setTexture(class sf::Texture const &,bool)" (__imp_?setTexture@Sprite@sf@@QEAAXAEBVTexture@2@_N@Z) sin resolver
Afichmation.obj : error LNK2001: símbolo externo "__declspec(dllimport) public: void __cdecl sf::Sprite::setTexture(class sf::Texture const &,bool)" (__imp_?setTexture@Sprite@sf@@QEAAXAEBVTexture@2@_N@Z) sin resolver
FinDelJuego.obj : error LNK2001: símbolo externo "__declspec(dllimport) public: void __cdecl sf::Sprite::setTexture(class sf::Texture const &,bool)" (__imp_?setTexture@Sprite@sf@@QEAAXAEBVTexture@2@_N@Z) sin resolver
HUDPartida.obj : error LNK2001: símbolo externo "__declspec(dllimport) public: void __cdecl sf::Sprite::setTexture(class sf::Texture const &,bool)" (__imp_?setTexture@Sprite@sf@@QEAAXAEBVTexture@2@_N@Z) sin resolver
Item.obj : error LNK2001: símbolo externo "__declspec(dllimport) public: void __cdecl sf::Sprite::setTexture(class sf::Texture const &,bool)" (__imp_?setTexture@Sprite@sf@@QEAAXAEBVTexture@2@_N@Z) sin resolver
Afichmation.obj : error LNK2019: símbolo externo "__declspec(dllimport) public: void __cdecl sf::Sprite::setTextureRect(class sf::Rect<int> const &)" (__imp_?setTextureRect@Sprite@sf@@QEAAXAEBV?$Rect@H@2@@Z) sin resolver al que se hace referencia en la función "public: __cdecl Afichmation::Afichmation(class sf::Texture &,bool,int,int)" (??0Afichmation@@QEAA@AEAVTexture@sf@@_NHH@Z)
Nave.obj : error LNK2001: símbolo externo "__declspec(dllimport) public: virtual __cdecl sf::Sprite::~Sprite(void)" (__imp_??1Sprite@sf@@UEAA@XZ) sin resolver
Partida.obj : error LNK2001: símbolo externo "__declspec(dllimport) public: virtual __cdecl sf::Sprite::~Sprite(void)" (__imp_??1Sprite@sf@@UEAA@XZ) sin resolver
PausaMenu.obj : error LNK2001: símbolo externo "__declspec(dllimport) public: virtual __cdecl sf::Sprite::~Sprite(void)" (__imp_??1Sprite@sf@@UEAA@XZ) sin resolver
Item.obj : error LNK2001: símbolo externo "__declspec(dllimport) public: virtual __cdecl sf::Sprite::~Sprite(void)" (__imp_??1Sprite@sf@@UEAA@XZ) sin resolver
Juego.obj : error LNK2001: símbolo externo "__declspec(dllimport) public: virtual __cdecl sf::Sprite::~Sprite(void)" (__imp_??1Sprite@sf@@UEAA@XZ) sin resolver
Menu.obj : error LNK2001: símbolo externo "__declspec(dllimport) public: virtual __cdecl sf::Sprite::~Sprite(void)" (__imp_??1Sprite@sf@@UEAA@XZ) sin resolver
MenuPrincipal.obj : error LNK2001: símbolo externo "__declspec(dllimport) public: virtual __cdecl sf::Sprite::~Sprite(void)" (__imp_??1Sprite@sf@@UEAA@XZ) sin resolver
Afichmation.obj : error LNK2001: símbolo externo "__declspec(dllimport) public: virtual __cdecl sf::Sprite::~Sprite(void)" (__imp_??1Sprite@sf@@UEAA@XZ) sin resolver
Asteroide.obj : error LNK2001: símbolo externo "__declspec(dllimport) public: virtual __cdecl sf::Sprite::~Sprite(void)" (__imp_??1Sprite@sf@@UEAA@XZ) sin resolver
FinDelJuego.obj : error LNK2001: símbolo externo "__declspec(dllimport) public: virtual __cdecl sf::Sprite::~Sprite(void)" (__imp_??1Sprite@sf@@UEAA@XZ) sin resolver
HUDPartida.obj : error LNK2001: símbolo externo "__declspec(dllimport) public: virtual __cdecl sf::Sprite::~Sprite(void)" (__imp_??1Sprite@sf@@UEAA@XZ) sin resolver
Juego.obj : error LNK2001: símbolo externo "private: virtual void __cdecl sf::Sprite::draw(class sf::RenderTarget &,class sf::RenderStates)const " (?draw@Sprite@sf@@EEBAXAEAVRenderTarget@2@VRenderStates@2@@Z) sin resolver
Nave.obj : error LNK2001: símbolo externo "private: virtual void __cdecl sf::Sprite::draw(class sf::RenderTarget &,class sf::RenderStates)const " (?draw@Sprite@sf@@EEBAXAEAVRenderTarget@2@VRenderStates@2@@Z) sin resolver
Partida.obj : error LNK2001: símbolo externo "private: virtual void __cdecl sf::Sprite::draw(class sf::RenderTarget &,class sf::RenderStates)const " (?draw@Sprite@sf@@EEBAXAEAVRenderTarget@2@VRenderStates@2@@Z) sin resolver
Afichmation.obj : error LNK2001: símbolo externo "private: virtual void __cdecl sf::Sprite::draw(class sf::RenderTarget &,class sf::RenderStates)const " (?draw@Sprite@sf@@EEBAXAEAVRenderTarget@2@VRenderStates@2@@Z) sin resolver
Asteroide.obj : error LNK2001: símbolo externo "private: virtual void __cdecl sf::Sprite::draw(class sf::RenderTarget &,class sf::RenderStates)const " (?draw@Sprite@sf@@EEBAXAEAVRenderTarget@2@VRenderStates@2@@Z) sin resolver
FinDelJuego.obj : error LNK2001: símbolo externo "private: virtual void __cdecl sf::Sprite::draw(class sf::RenderTarget &,class sf::RenderStates)const " (?draw@Sprite@sf@@EEBAXAEAVRenderTarget@2@VRenderStates@2@@Z) sin resolver
HUDPartida.obj : error LNK2001: símbolo externo "private: virtual void __cdecl sf::Sprite::draw(class sf::RenderTarget &,class sf::RenderStates)const " (?draw@Sprite@sf@@EEBAXAEAVRenderTarget@2@VRenderStates@2@@Z) sin resolver
Partida.obj : error LNK2001: símbolo externo "__declspec(dllimport) public: void __cdecl sf::Transformable::move(float,float)" (__imp_?move@Transformable@sf@@QEAAXMM@Z) sin resolver
Asteroide.obj : error LNK2001: símbolo externo "__declspec(dllimport) public: void __cdecl sf::Transformable::move(float,float)" (__imp_?move@Transformable@sf@@QEAAXMM@Z) sin resolver
Item.obj : error LNK2001: símbolo externo "__declspec(dllimport) public: void __cdecl sf::Transformable::move(float,float)" (__imp_?move@Transformable@sf@@QEAAXMM@Z) sin resolver
Menu.obj : error LNK2001: símbolo externo "__declspec(dllimport) public: void __cdecl sf::Transformable::move(float,float)" (__imp_?move@Transformable@sf@@QEAAXMM@Z) sin resolver
Nave.obj : error LNK2001: símbolo externo "__declspec(dllimport) public: void __cdecl sf::Transformable::move(float,float)" (__imp_?move@Transformable@sf@@QEAAXMM@Z) sin resolver
Partida.obj : error LNK2001: símbolo externo "__declspec(dllimport) public: void __cdecl sf::RenderTarget::draw(class sf::Drawable const &,class sf::RenderStates const &)" (__imp_?draw@RenderTarget@sf@@QEAAXAEBVDrawable@2@AEBVRenderStates@2@@Z) sin resolver
PausaMenu.obj : error LNK2001: símbolo externo "__declspec(dllimport) public: void __cdecl sf::RenderTarget::draw(class sf::Drawable const &,class sf::RenderStates const &)" (__imp_?draw@RenderTarget@sf@@QEAAXAEBVDrawable@2@AEBVRenderStates@2@@Z) sin resolver
Juego.obj : error LNK2001: símbolo externo "__declspec(dllimport) public: void __cdecl sf::RenderTarget::draw(class sf::Drawable const &,class sf::RenderStates const &)" (__imp_?draw@RenderTarget@sf@@QEAAXAEBVDrawable@2@AEBVRenderStates@2@@Z) sin resolver
Menu.obj : error LNK2001: símbolo externo "__declspec(dllimport) public: void __cdecl sf::RenderTarget::draw(class sf::Drawable const &,class sf::RenderStates const &)" (__imp_?draw@RenderTarget@sf@@QEAAXAEBVDrawable@2@AEBVRenderStates@2@@Z) sin resolver
MenuPrincipal.obj : error LNK2001: símbolo externo "__declspec(dllimport) public: void __cdecl sf::RenderTarget::draw(class sf::Drawable const &,class sf::RenderStates const &)" (__imp_?draw@RenderTarget@sf@@QEAAXAEBVDrawable@2@AEBVRenderStates@2@@Z) sin resolver
Nave.obj : error LNK2001: símbolo externo "__declspec(dllimport) public: void __cdecl sf::RenderTarget::draw(class sf::Drawable const &,class sf::RenderStates const &)" (__imp_?draw@RenderTarget@sf@@QEAAXAEBVDrawable@2@AEBVRenderStates@2@@Z) sin resolver
Asteroide.obj : error LNK2001: símbolo externo "__declspec(dllimport) public: void __cdecl sf::RenderTarget::draw(class sf::Drawable const &,class sf::RenderStates const &)" (__imp_?draw@RenderTarget@sf@@QEAAXAEBVDrawable@2@AEBVRenderStates@2@@Z) sin resolver
FinDelJuego.obj : error LNK2001: símbolo externo "__declspec(dllimport) public: void __cdecl sf::RenderTarget::draw(class sf::Drawable const &,class sf::RenderStates const &)" (__imp_?draw@RenderTarget@sf@@QEAAXAEBVDrawable@2@AEBVRenderStates@2@@Z) sin resolver
HUDPartida.obj : error LNK2001: símbolo externo "__declspec(dllimport) public: void __cdecl sf::RenderTarget::draw(class sf::Drawable const &,class sf::RenderStates const &)" (__imp_?draw@RenderTarget@sf@@QEAAXAEBVDrawable@2@AEBVRenderStates@2@@Z) sin resolver
Item.obj : error LNK2001: símbolo externo "__declspec(dllimport) public: void __cdecl sf::RenderTarget::draw(class sf::Drawable const &,class sf::RenderStates const &)" (__imp_?draw@RenderTarget@sf@@QEAAXAEBVDrawable@2@AEBVRenderStates@2@@Z) sin resolver
Partida.obj : error LNK2001: símbolo externo "__declspec(dllimport) public: class sf::Rect<float> __cdecl sf::Sprite::getGlobalBounds(void)const " (__imp_?getGlobalBounds@Sprite@sf@@QEBA?AV?$Rect@M@2@XZ) sin resolver
PausaMenu.obj : error LNK2001: símbolo externo "__declspec(dllimport) public: class sf::Rect<float> __cdecl sf::Sprite::getGlobalBounds(void)const " (__imp_?getGlobalBounds@Sprite@sf@@QEBA?AV?$Rect@M@2@XZ) sin resolver
Juego.obj : error LNK2001: símbolo externo "__declspec(dllimport) public: class sf::Rect<float> __cdecl sf::Sprite::getGlobalBounds(void)const " (__imp_?getGlobalBounds@Sprite@sf@@QEBA?AV?$Rect@M@2@XZ) sin resolver
Menu.obj : error LNK2001: símbolo externo "__declspec(dllimport) public: class sf::Rect<float> __cdecl sf::Sprite::getGlobalBounds(void)const " (__imp_?getGlobalBounds@Sprite@sf@@QEBA?AV?$Rect@M@2@XZ) sin resolver
MenuPrincipal.obj : error LNK2001: símbolo externo "__declspec(dllimport) public: class sf::Rect<float> __cdecl sf::Sprite::getGlobalBounds(void)const " (__imp_?getGlobalBounds@Sprite@sf@@QEBA?AV?$Rect@M@2@XZ) sin resolver
Nave.obj : error LNK2001: símbolo externo "__declspec(dllimport) public: class sf::Rect<float> __cdecl sf::Sprite::getGlobalBounds(void)const " (__imp_?getGlobalBounds@Sprite@sf@@QEBA?AV?$Rect@M@2@XZ) sin resolver
Asteroide.obj : error LNK2001: símbolo externo "__declspec(dllimport) public: class sf::Rect<float> __cdecl sf::Sprite::getGlobalBounds(void)const " (__imp_?getGlobalBounds@Sprite@sf@@QEBA?AV?$Rect@M@2@XZ) sin resolver
FinDelJuego.obj : error LNK2001: símbolo externo "__declspec(dllimport) public: class sf::Rect<float> __cdecl sf::Sprite::getGlobalBounds(void)const " (__imp_?getGlobalBounds@Sprite@sf@@QEBA?AV?$Rect@M@2@XZ) sin resolver
HUDPartida.obj : error LNK2001: símbolo externo "__declspec(dllimport) public: class sf::Rect<float> __cdecl sf::Sprite::getGlobalBounds(void)const " (__imp_?getGlobalBounds@Sprite@sf@@QEBA?AV?$Rect@M@2@XZ) sin resolver
Item.obj : error LNK2001: símbolo externo "__declspec(dllimport) public: class sf::Rect<float> __cdecl sf::Sprite::getGlobalBounds(void)const " (__imp_?getGlobalBounds@Sprite@sf@@QEBA?AV?$Rect@M@2@XZ) sin resolver
Partida.obj : error LNK2001: símbolo externo "__declspec(dllimport) public: static class sf::RenderStates const sf::RenderStates::Default" (__imp_?Default@RenderStates@sf@@2V12@B) sin resolver
PausaMenu.obj : error LNK2001: símbolo externo "__declspec(dllimport) public: static class sf::RenderStates const sf::RenderStates::Default" (__imp_?Default@RenderStates@sf@@2V12@B) sin resolver
Juego.obj : error LNK2001: símbolo externo "__declspec(dllimport) public: static class sf::RenderStates const sf::RenderStates::Default" (__imp_?Default@RenderStates@sf@@2V12@B) sin resolver
Menu.obj : error LNK2001: símbolo externo "__declspec(dllimport) public: static class sf::RenderStates const sf::RenderStates::Default" (__imp_?Default@RenderStates@sf@@2V12@B) sin resolver
MenuPrincipal.obj : error LNK2001: símbolo externo "__declspec(dllimport) public: static class sf::RenderStates const sf::RenderStates::Default" (__imp_?Default@RenderStates@sf@@2V12@B) sin resolver
Nave.obj : error LNK2001: símbolo externo "__declspec(dllimport) public: static class sf::RenderStates const sf::RenderStates::Default" (__imp_?Default@RenderStates@sf@@2V12@B) sin resolver
Asteroide.obj : error LNK2001: símbolo externo "__declspec(dllimport) public: static class sf::RenderStates const sf::RenderStates::Default" (__imp_?Default@RenderStates@sf@@2V12@B) sin resolver
FinDelJuego.obj : error LNK2001: símbolo externo "__declspec(dllimport) public: static class sf::RenderStates const sf::RenderStates::Default" (__imp_?Default@RenderStates@sf@@2V12@B) sin resolver
HUDPartida.obj : error LNK2001: símbolo externo "__declspec(dllimport) public: static class sf::RenderStates const sf::RenderStates::Default" (__imp_?Default@RenderStates@sf@@2V12@B) sin resolver
Item.obj : error LNK2001: símbolo externo "__declspec(dllimport) public: static class sf::RenderStates const sf::RenderStates::Default" (__imp_?Default@RenderStates@sf@@2V12@B) sin resolver
FinDelJuego.obj : error LNK2019: símbolo externo "__declspec(dllimport) public: __cdecl sf::Time::Time(void)" (__imp_??0Time@sf@@QEAA@XZ) sin resolver al que se hace referencia en la función "public: __cdecl Reloj::Reloj(void)" (??0Reloj@@QEAA@XZ)
Menu.obj : error LNK2001: símbolo externo "__declspec(dllimport) public: __cdecl sf::Time::Time(void)" (__imp_??0Time@sf@@QEAA@XZ) sin resolver
Nave.obj : error LNK2001: símbolo externo "__declspec(dllimport) public: __cdecl sf::Time::Time(void)" (__imp_??0Time@sf@@QEAA@XZ) sin resolver
Partida.obj : error LNK2001: símbolo externo "__declspec(dllimport) public: __cdecl sf::Time::Time(void)" (__imp_??0Time@sf@@QEAA@XZ) sin resolver
Nave.obj : error LNK2001: símbolo externo "__declspec(dllimport) public: class sf::Vector2<float> const & __cdecl sf::Transformable::getPosition(void)const " (__imp_?getPosition@Transformable@sf@@QEBAAEBV?$Vector2@M@2@XZ) sin resolver
Partida.obj : error LNK2001: símbolo externo "__declspec(dllimport) public: class sf::Vector2<float> const & __cdecl sf::Transformable::getPosition(void)const " (__imp_?getPosition@Transformable@sf@@QEBAAEBV?$Vector2@M@2@XZ) sin resolver
FinDelJuego.obj : error LNK2001: símbolo externo "__declspec(dllimport) public: class sf::Vector2<float> const & __cdecl sf::Transformable::getPosition(void)const " (__imp_?getPosition@Transformable@sf@@QEBAAEBV?$Vector2@M@2@XZ) sin resolver
Item.obj : error LNK2001: símbolo externo "__declspec(dllimport) public: class sf::Vector2<float> const & __cdecl sf::Transformable::getPosition(void)const " (__imp_?getPosition@Transformable@sf@@QEBAAEBV?$Vector2@M@2@XZ) sin resolver
Juego.obj : error LNK2001: símbolo externo "__declspec(dllimport) public: class sf::Vector2<float> const & __cdecl sf::Transformable::getPosition(void)const " (__imp_?getPosition@Transformable@sf@@QEBAAEBV?$Vector2@M@2@XZ) sin resolver
Menu.obj : error LNK2001: símbolo externo "__declspec(dllimport) public: class sf::Vector2<float> const & __cdecl sf::Transformable::getPosition(void)const " (__imp_?getPosition@Transformable@sf@@QEBAAEBV?$Vector2@M@2@XZ) sin resolver
PausaMenu.obj : error LNK2001: símbolo externo "__declspec(dllimport) public: __cdecl sf::Texture::~Texture(void)" (__imp_??1Texture@sf@@QEAA@XZ) sin resolver
Menu.obj : error LNK2001: símbolo externo "__declspec(dllimport) public: __cdecl sf::Texture::~Texture(void)" (__imp_??1Texture@sf@@QEAA@XZ) sin resolver
MenuPrincipal.obj : error LNK2001: símbolo externo "__declspec(dllimport) public: __cdecl sf::Texture::~Texture(void)" (__imp_??1Texture@sf@@QEAA@XZ) sin resolver
Nave.obj : error LNK2001: símbolo externo "__declspec(dllimport) public: __cdecl sf::Texture::~Texture(void)" (__imp_??1Texture@sf@@QEAA@XZ) sin resolver
Partida.obj : error LNK2001: símbolo externo "__declspec(dllimport) public: __cdecl sf::Texture::~Texture(void)" (__imp_??1Texture@sf@@QEAA@XZ) sin resolver
FinDelJuego.obj : error LNK2001: símbolo externo "__declspec(dllimport) public: __cdecl sf::Texture::~Texture(void)" (__imp_??1Texture@sf@@QEAA@XZ) sin resolver
HUDPartida.obj : error LNK2001: símbolo externo "__declspec(dllimport) public: __cdecl sf::Texture::~Texture(void)" (__imp_??1Texture@sf@@QEAA@XZ) sin resolver
Item.obj : error LNK2001: símbolo externo "__declspec(dllimport) public: __cdecl sf::Texture::~Texture(void)" (__imp_??1Texture@sf@@QEAA@XZ) sin resolver
Juego.obj : error LNK2001: símbolo externo "__declspec(dllimport) public: __cdecl sf::Texture::~Texture(void)" (__imp_??1Texture@sf@@QEAA@XZ) sin resolver
FinDelJuego.obj : error LNK2019: símbolo externo "__declspec(dllimport) public: __cdecl sf::Sprite::Sprite(class sf::Sprite const &)" (__imp_??0Sprite@sf@@QEAA@AEBV01@@Z) sin resolver al que se hace referencia en la función "public: __cdecl Afichmation::Afichmation(class Afichmation const &)" (??0Afichmation@@QEAA@AEBV0@@Z)
HUDPartida.obj : error LNK2001: símbolo externo "__declspec(dllimport) public: __cdecl sf::Sprite::Sprite(class sf::Sprite const &)" (__imp_??0Sprite@sf@@QEAA@AEBV01@@Z) sin resolver
PausaMenu.obj : error LNK2001: símbolo externo "__declspec(dllimport) public: virtual __cdecl sf::Sound::~Sound(void)" (__imp_??1Sound@sf@@UEAA@XZ) sin resolver
FinDelJuego.obj : error LNK2001: símbolo externo "__declspec(dllimport) public: virtual __cdecl sf::Sound::~Sound(void)" (__imp_??1Sound@sf@@UEAA@XZ) sin resolver
Menu.obj : error LNK2001: símbolo externo "__declspec(dllimport) public: virtual __cdecl sf::Sound::~Sound(void)" (__imp_??1Sound@sf@@UEAA@XZ) sin resolver
MenuPrincipal.obj : error LNK2001: símbolo externo "__declspec(dllimport) public: virtual __cdecl sf::Sound::~Sound(void)" (__imp_??1Sound@sf@@UEAA@XZ) sin resolver
Partida.obj : error LNK2001: símbolo externo "__declspec(dllimport) public: virtual __cdecl sf::Sound::~Sound(void)" (__imp_??1Sound@sf@@UEAA@XZ) sin resolver
PausaMenu.obj : error LNK2001: símbolo externo "__declspec(dllimport) public: __cdecl sf::SoundBuffer::~SoundBuffer(void)" (__imp_??1SoundBuffer@sf@@QEAA@XZ) sin resolver
FinDelJuego.obj : error LNK2001: símbolo externo "__declspec(dllimport) public: __cdecl sf::SoundBuffer::~SoundBuffer(void)" (__imp_??1SoundBuffer@sf@@QEAA@XZ) sin resolver
Menu.obj : error LNK2001: símbolo externo "__declspec(dllimport) public: __cdecl sf::SoundBuffer::~SoundBuffer(void)" (__imp_??1SoundBuffer@sf@@QEAA@XZ) sin resolver
MenuPrincipal.obj : error LNK2001: símbolo externo "__declspec(dllimport) public: __cdecl sf::SoundBuffer::~SoundBuffer(void)" (__imp_??1SoundBuffer@sf@@QEAA@XZ) sin resolver
Partida.obj : error LNK2001: símbolo externo "__declspec(dllimport) public: __cdecl sf::SoundBuffer::~SoundBuffer(void)" (__imp_??1SoundBuffer@sf@@QEAA@XZ) sin resolver
HUDPartida.obj : error LNK2019: símbolo externo "__declspec(dllimport) public: __cdecl sf::Texture::Texture(class sf::Texture const &)" (__imp_??0Texture@sf@@QEAA@AEBV01@@Z) sin resolver al que se hace referencia en la función "public: __cdecl Figura::Figura(class Figura &&)" (??0Figura@@QEAA@$$QEAV0@@Z)
HUDPartida.obj : error LNK2019: símbolo externo "__declspec(dllimport) public: __cdecl sf::Sprite::Sprite(class sf::Sprite &&)" (__imp_??0Sprite@sf@@QEAA@$$QEAV01@@Z) sin resolver al que se hace referencia en la función "public: __cdecl Figura::Figura(class Figura &&)" (??0Figura@@QEAA@$$QEAV0@@Z)
Juego.obj : error LNK2019: símbolo externo "__declspec(dllimport) public: __cdecl sf::Color::Color(unsigned char,unsigned char,unsigned char,unsigned char)" (__imp_??0Color@sf@@QEAA@EEEE@Z) sin resolver al que se hace referencia en la función "public: void __cdecl Juego::dibujar(void)" (?dibujar@Juego@@QEAAXXZ)
PausaMenu.obj : error LNK2001: símbolo externo "__declspec(dllimport) public: __cdecl sf::Color::Color(unsigned char,unsigned char,unsigned char,unsigned char)" (__imp_??0Color@sf@@QEAA@EEEE@Z) sin resolver
Juego.obj : error LNK2019: símbolo externo "__declspec(dllimport) public: void __cdecl sf::RenderTarget::clear(class sf::Color const &)" (__imp_?clear@RenderTarget@sf@@QEAAXAEBVColor@2@@Z) sin resolver al que se hace referencia en la función "public: void __cdecl Juego::dibujar(void)" (?dibujar@Juego@@QEAAXXZ)
Juego.obj : error LNK2019: símbolo externo "__declspec(dllimport) public: static class sf::VideoMode __cdecl sf::VideoMode::getDesktopMode(void)" (__imp_?getDesktopMode@VideoMode@sf@@SA?AV12@XZ) sin resolver al que se hace referencia en la función "public: __cdecl Juego::Juego(void)" (??0Juego@@QEAA@XZ)
Juego.obj : error LNK2019: símbolo externo "__declspec(dllimport) public: __cdecl sf::String::String(char const *,class std::locale const &)" (__imp_??0String@sf@@QEAA@PEBDAEBVlocale@std@@@Z) sin resolver al que se hace referencia en la función "public: __cdecl Juego::Juego(void)" (??0Juego@@QEAA@XZ)
Juego.obj : error LNK2019: símbolo externo "__declspec(dllimport) public: __cdecl sf::String::~String(void)" (__imp_??1String@sf@@QEAA@XZ) sin resolver al que se hace referencia en la función "public: __cdecl Juego::Juego(void)" (??0Juego@@QEAA@XZ)
Partida.obj : error LNK2001: símbolo externo "__declspec(dllimport) public: __cdecl sf::String::~String(void)" (__imp_??1String@sf@@QEAA@XZ) sin resolver
Juego.obj : error LNK2019: símbolo externo "__declspec(dllimport) public: void __cdecl sf::Window::close(void)" (__imp_?close@Window@sf@@QEAAXXZ) sin resolver al que se hace referencia en la función "public: void __cdecl Juego::procesoEventos(void)" (?procesoEventos@Juego@@QEAAXXZ)
Juego.obj : error LNK2019: símbolo externo "__declspec(dllimport) public: bool __cdecl sf::Window::isOpen(void)const " (__imp_?isOpen@Window@sf@@QEBA_NXZ) sin resolver al que se hace referencia en la función "public: void __cdecl Juego::jugar(void)" (?jugar@Juego@@QEAAXXZ)
Juego.obj : error LNK2019: símbolo externo "__declspec(dllimport) public: bool __cdecl sf::Window::pollEvent(class sf::Event &)" (__imp_?pollEvent@Window@sf@@QEAA_NAEAVEvent@2@@Z) sin resolver al que se hace referencia en la función "public: void __cdecl Juego::procesoEventos(void)" (?procesoEventos@Juego@@QEAAXXZ)
Juego.obj : error LNK2019: símbolo externo "__declspec(dllimport) public: void __cdecl sf::Window::setFramerateLimit(unsigned int)" (__imp_?setFramerateLimit@Window@sf@@QEAAXI@Z) sin resolver al que se hace referencia en la función "public: __cdecl Juego::Juego(void)" (??0Juego@@QEAA@XZ)
Juego.obj : error LNK2019: símbolo externo "__declspec(dllimport) public: void __cdecl sf::Window::display(void)" (__imp_?display@Window@sf@@QEAAXXZ) sin resolver al que se hace referencia en la función "public: void __cdecl Juego::dibujar(void)" (?dibujar@Juego@@QEAAXXZ)
Juego.obj : error LNK2019: símbolo externo "__declspec(dllimport) public: __cdecl sf::RenderWindow::RenderWindow(class sf::VideoMode,class sf::String const &,unsigned int,struct sf::ContextSettings const &)" (__imp_??0RenderWindow@sf@@QEAA@VVideoMode@1@AEBVString@1@IAEBUContextSettings@1@@Z) sin resolver al que se hace referencia en la función "public: __cdecl Juego::Juego(void)" (??0Juego@@QEAA@XZ)
Juego.obj : error LNK2019: símbolo externo "__declspec(dllimport) public: virtual __cdecl sf::RenderWindow::~RenderWindow(void)" (__imp_??1RenderWindow@sf@@UEAA@XZ) sin resolver al que se hace referencia en la función "int `public: __cdecl Juego::Juego(void)'::`1'::dtor$4" (?dtor$4@?0???0Juego@@QEAA@XZ@4HA)
Juego.obj : error LNK2019: símbolo externo "__declspec(dllimport) public: void __cdecl sf::Shape::setFillColor(class sf::Color const &)" (__imp_?setFillColor@Shape@sf@@QEAAXAEBVColor@2@@Z) sin resolver al que se hace referencia en la función "public: void __cdecl Juego::dibujar(void)" (?dibujar@Juego@@QEAAXXZ)
Nave.obj : error LNK2001: símbolo externo "__declspec(dllimport) public: void __cdecl sf::Shape::setFillColor(class sf::Color const &)" (__imp_?setFillColor@Shape@sf@@QEAAXAEBVColor@2@@Z) sin resolver
PausaMenu.obj : error LNK2001: símbolo externo "__declspec(dllimport) public: void __cdecl sf::Shape::setFillColor(class sf::Color const &)" (__imp_?setFillColor@Shape@sf@@QEAAXAEBVColor@2@@Z) sin resolver
Juego.obj : error LNK2019: símbolo externo "__declspec(dllimport) public: void __cdecl sf::Shape::setOutlineColor(class sf::Color const &)" (__imp_?setOutlineColor@Shape@sf@@QEAAXAEBVColor@2@@Z) sin resolver al que se hace referencia en la función "public: void __cdecl Juego::dibujar(void)" (?dibujar@Juego@@QEAAXXZ)
Nave.obj : error LNK2001: símbolo externo "__declspec(dllimport) public: void __cdecl sf::Shape::setOutlineColor(class sf::Color const &)" (__imp_?setOutlineColor@Shape@sf@@QEAAXAEBVColor@2@@Z) sin resolver
Juego.obj : error LNK2019: símbolo externo "__declspec(dllimport) public: void __cdecl sf::Shape::setOutlineThickness(float)" (__imp_?setOutlineThickness@Shape@sf@@QEAAXM@Z) sin resolver al que se hace referencia en la función "public: void __cdecl Juego::dibujar(void)" (?dibujar@Juego@@QEAAXXZ)
Nave.obj : error LNK2001: símbolo externo "__declspec(dllimport) public: void __cdecl sf::Shape::setOutlineThickness(float)" (__imp_?setOutlineThickness@Shape@sf@@QEAAXM@Z) sin resolver
Juego.obj : error LNK2019: símbolo externo "__declspec(dllimport) public: __cdecl sf::RectangleShape::RectangleShape(class sf::Vector2<float> const &)" (__imp_??0RectangleShape@sf@@QEAA@AEBV?$Vector2@M@1@@Z) sin resolver al que se hace referencia en la función "public: void __cdecl Juego::dibujar(void)" (?dibujar@Juego@@QEAAXXZ)
Nave.obj : error LNK2001: símbolo externo "__declspec(dllimport) public: __cdecl sf::RectangleShape::RectangleShape(class sf::Vector2<float> const &)" (__imp_??0RectangleShape@sf@@QEAA@AEBV?$Vector2@M@1@@Z) sin resolver
PausaMenu.obj : error LNK2001: símbolo externo "__declspec(dllimport) public: __cdecl sf::RectangleShape::RectangleShape(class sf::Vector2<float> const &)" (__imp_??0RectangleShape@sf@@QEAA@AEBV?$Vector2@M@1@@Z) sin resolver
Juego.obj : error LNK2019: símbolo externo "__declspec(dllimport) public: virtual __cdecl sf::RectangleShape::~RectangleShape(void)" (__imp_??1RectangleShape@sf@@UEAA@XZ) sin resolver al que se hace referencia en la función "public: void __cdecl Juego::dibujar(void)" (?dibujar@Juego@@QEAAXXZ)
Nave.obj : error LNK2001: símbolo externo "__declspec(dllimport) public: virtual __cdecl sf::RectangleShape::~RectangleShape(void)" (__imp_??1RectangleShape@sf@@UEAA@XZ) sin resolver
Partida.obj : error LNK2001: símbolo externo "__declspec(dllimport) public: virtual __cdecl sf::RectangleShape::~RectangleShape(void)" (__imp_??1RectangleShape@sf@@UEAA@XZ) sin resolver
PausaMenu.obj : error LNK2001: símbolo externo "__declspec(dllimport) public: virtual __cdecl sf::RectangleShape::~RectangleShape(void)" (__imp_??1RectangleShape@sf@@UEAA@XZ) sin resolver
Juego.obj : error LNK2019: símbolo externo "__declspec(dllimport) public: __cdecl sf::RenderTexture::RenderTexture(void)" (__imp_??0RenderTexture@sf@@QEAA@XZ) sin resolver al que se hace referencia en la función "public: __cdecl Juego::Juego(void)" (??0Juego@@QEAA@XZ)
Juego.obj : error LNK2019: símbolo externo "__declspec(dllimport) public: virtual __cdecl sf::RenderTexture::~RenderTexture(void)" (__imp_??1RenderTexture@sf@@UEAA@XZ) sin resolver al que se hace referencia en la función "int `public: __cdecl Juego::Juego(void)'::`1'::dtor$0" (?dtor$0@?0???0Juego@@QEAA@XZ@4HA)
Juego.obj : error LNK2019: símbolo externo "__declspec(dllimport) public: bool __cdecl sf::RenderTexture::create(unsigned int,unsigned int,struct sf::ContextSettings const &)" (__imp_?create@RenderTexture@sf@@QEAA_NIIAEBUContextSettings@2@@Z) sin resolver al que se hace referencia en la función "public: __cdecl Juego::Juego(void)" (??0Juego@@QEAA@XZ)
Juego.obj : error LNK2019: símbolo externo "__declspec(dllimport) public: void __cdecl sf::RenderTexture::display(void)" (__imp_?display@RenderTexture@sf@@QEAAXXZ) sin resolver al que se hace referencia en la función "public: void __cdecl Juego::dibujar(void)" (?dibujar@Juego@@QEAAXXZ)
Juego.obj : error LNK2019: símbolo externo "__declspec(dllimport) public: class sf::Texture const & __cdecl sf::RenderTexture::getTexture(void)const " (__imp_?getTexture@RenderTexture@sf@@QEBAAEBVTexture@2@XZ) sin resolver al que se hace referencia en la función "public: __cdecl Juego::Juego(void)" (??0Juego@@QEAA@XZ)
Juego.obj : error LNK2019: símbolo externo "__declspec(dllimport) public: static class sf::Color const sf::Color::Red" (__imp_?Red@Color@sf@@2V12@B) sin resolver al que se hace referencia en la función "public: void __cdecl Juego::dibujar(void)" (?dibujar@Juego@@QEAAXXZ)
Nave.obj : error LNK2001: símbolo externo "__declspec(dllimport) public: static class sf::Color const sf::Color::Red" (__imp_?Red@Color@sf@@2V12@B) sin resolver
Juego.obj : error LNK2019: símbolo externo "__declspec(dllimport) public: static class sf::Color const sf::Color::Transparent" (__imp_?Transparent@Color@sf@@2V12@B) sin resolver al que se hace referencia en la función "public: void __cdecl Juego::dibujar(void)" (?dibujar@Juego@@QEAAXXZ)
Nave.obj : error LNK2001: símbolo externo "__declspec(dllimport) public: static class sf::Color const sf::Color::Transparent" (__imp_?Transparent@Color@sf@@2V12@B) sin resolver
Menu.obj : error LNK2019: símbolo externo "__declspec(dllimport) public: static class sf::Vector2<int> __cdecl sf::Mouse::getPosition(class sf::Window const &)" (__imp_?getPosition@Mouse@sf@@SA?AV?$Vector2@H@2@AEBVWindow@2@@Z) sin resolver al que se hace referencia en la función "public: int __cdecl Menu::indiceOpcionHover(void)" (?indiceOpcionHover@Menu@@QEAAHXZ)
Menu.obj : error LNK2019: símbolo externo "__declspec(dllimport) public: void __cdecl sf::SoundSource::setVolume(float)" (__imp_?setVolume@SoundSource@sf@@QEAAXM@Z) sin resolver al que se hace referencia en la función "public: void __cdecl Audio::queVolumen(float)" (?queVolumen@Audio@@QEAAXM@Z)
Partida.obj : error LNK2001: símbolo externo "__declspec(dllimport) public: void __cdecl sf::SoundSource::setVolume(float)" (__imp_?setVolume@SoundSource@sf@@QEAAXM@Z) sin resolver
Menu.obj : error LNK2019: símbolo externo "__declspec(dllimport) public: __cdecl sf::Sound::Sound(void)" (__imp_??0Sound@sf@@QEAA@XZ) sin resolver al que se hace referencia en la función "public: __cdecl Audio::Audio(void)" (??0Audio@@QEAA@XZ)
Partida.obj : error LNK2001: símbolo externo "__declspec(dllimport) public: __cdecl sf::Sound::Sound(void)" (__imp_??0Sound@sf@@QEAA@XZ) sin resolver
Menu.obj : error LNK2019: símbolo externo "__declspec(dllimport) public: void __cdecl sf::Sound::setBuffer(class sf::SoundBuffer const &)" (__imp_?setBuffer@Sound@sf@@QEAAXAEBVSoundBuffer@2@@Z) sin resolver al que se hace referencia en la función "public: void __cdecl Audio::cargar(class std::basic_string<char,struct std::char_traits<char>,class std::allocator<char> > const &)" (?cargar@Audio@@QEAAXAEBV?$basic_string@DU?$char_traits@D@std@@V?$allocator@D@2@@std@@@Z)
Partida.obj : error LNK2001: símbolo externo "__declspec(dllimport) public: void __cdecl sf::Sound::setBuffer(class sf::SoundBuffer const &)" (__imp_?setBuffer@Sound@sf@@QEAAXAEBVSoundBuffer@2@@Z) sin resolver
Menu.obj : error LNK2019: símbolo externo "__declspec(dllimport) public: __cdecl sf::SoundBuffer::SoundBuffer(void)" (__imp_??0SoundBuffer@sf@@QEAA@XZ) sin resolver al que se hace referencia en la función "public: __cdecl Audio::Audio(void)" (??0Audio@@QEAA@XZ)
Partida.obj : error LNK2001: símbolo externo "__declspec(dllimport) public: __cdecl sf::SoundBuffer::SoundBuffer(void)" (__imp_??0SoundBuffer@sf@@QEAA@XZ) sin resolver
Menu.obj : error LNK2019: símbolo externo "__declspec(dllimport) public: bool __cdecl sf::SoundBuffer::loadFromFile(class std::basic_string<char,struct std::char_traits<char>,class std::allocator<char> > const &)" (__imp_?loadFromFile@SoundBuffer@sf@@QEAA_NAEBV?$basic_string@DU?$char_traits@D@std@@V?$allocator@D@2@@std@@@Z) sin resolver al que se hace referencia en la función "public: void __cdecl Audio::cargar(class std::basic_string<char,struct std::char_traits<char>,class std::allocator<char> > const &)" (?cargar@Audio@@QEAAXAEBV?$basic_string@DU?$char_traits@D@std@@V?$allocator@D@2@@std@@@Z)
Partida.obj : error LNK2001: símbolo externo "__declspec(dllimport) public: bool __cdecl sf::SoundBuffer::loadFromFile(class std::basic_string<char,struct std::char_traits<char>,class std::allocator<char> > const &)" (__imp_?loadFromFile@SoundBuffer@sf@@QEAA_NAEBV?$basic_string@DU?$char_traits@D@std@@V?$allocator@D@2@@std@@@Z) sin resolver
Nave.obj : error LNK2019: símbolo externo "__declspec(dllimport) class sf::Time __cdecl sf::operator-(class sf::Time,class sf::Time)" (__imp_??Gsf@@YA?AVTime@0@V10@0@Z) sin resolver al que se hace referencia en la función "public: void __cdecl Reloj::reanudar(void)" (?reanudar@Reloj@@QEAAXXZ)
Partida.obj : error LNK2001: símbolo externo "__declspec(dllimport) class sf::Time __cdecl sf::operator-(class sf::Time,class sf::Time)" (__imp_??Gsf@@YA?AVTime@0@V10@0@Z) sin resolver
Nave.obj : error LNK2019: símbolo externo "__declspec(dllimport) public: static bool __cdecl sf::Keyboard::isKeyPressed(enum sf::Keyboard::Key)" (__imp_?isKeyPressed@Keyboard@sf@@SA_NW4Key@12@@Z) sin resolver al que se hace referencia en la función "public: bool __cdecl Nave::estaQuieto(void)" (?estaQuieto@Nave@@QEAA_NXZ)
Nave.obj : error LNK2019: símbolo externo "__declspec(dllimport) public: __cdecl sf::CircleShape::CircleShape(float,unsigned __int64)" (__imp_??0CircleShape@sf@@QEAA@M_K@Z) sin resolver al que se hace referencia en la función "public: void __cdecl Nave::dibujarHitbox(class sf::RenderWindow &)" (?dibujarHitbox@Nave@@QEAAXAEAVRenderWindow@sf@@@Z)
Nave.obj : error LNK2019: símbolo externo "__declspec(dllimport) public: virtual __cdecl sf::CircleShape::~CircleShape(void)" (__imp_??1CircleShape@sf@@UEAA@XZ) sin resolver al que se hace referencia en la función "public: void __cdecl Nave::dibujarHitbox(class sf::RenderWindow &)" (?dibujarHitbox@Nave@@QEAAXAEAVRenderWindow@sf@@@Z)
Nave.obj : error LNK2019: símbolo externo "__declspec(dllimport) public: static class sf::Color const sf::Color::Green" (__imp_?Green@Color@sf@@2V12@B) sin resolver al que se hace referencia en la función "public: void __cdecl Nave::dibujarHitbox(class sf::RenderWindow &)" (?dibujarHitbox@Nave@@QEAAXAEAVRenderWindow@sf@@@Z)
Nave.obj : error LNK2019: símbolo externo "__declspec(dllimport) public: static class sf::Color const sf::Color::Blue" (__imp_?Blue@Color@sf@@2V12@B) sin resolver al que se hace referencia en la función "public: void __cdecl Nave::dibujarHitbox(class sf::RenderWindow &)" (?dibujarHitbox@Nave@@QEAAXAEAVRenderWindow@sf@@@Z)
Partida.obj : error LNK2019: símbolo externo "__declspec(dllimport) public: __cdecl sf::String::String(void)" (__imp_??0String@sf@@QEAA@XZ) sin resolver al que se hace referencia en la función "public: __cdecl Partida::Partida(class sf::RenderWindow &,class Nave *)" (??0Partida@@QEAA@AEAVRenderWindow@sf@@PEAVNave@@@Z)
Partida.obj : error LNK2019: símbolo externo "__declspec(dllimport) public: __cdecl sf::String::String(class std::basic_string<char,struct std::char_traits<char>,class std::allocator<char> > const &,class std::locale const &)" (__imp_??0String@sf@@QEAA@AEBV?$basic_string@DU?$char_traits@D@std@@V?$allocator@D@2@@std@@AEBVlocale@3@@Z) sin resolver al que se hace referencia en la función "private: void __cdecl Partida::itemYNave(float)" (?itemYNave@Partida@@AEAAXM@Z)
Partida.obj : error LNK2019: símbolo externo "__declspec(dllimport) public: class sf::String & __cdecl sf::String::operator=(class sf::String const &)" (__imp_??4String@sf@@QEAAAEAV01@AEBV01@@Z) sin resolver al que se hace referencia en la función "private: void __cdecl Partida::itemYNave(float)" (?itemYNave@Partida@@AEAAXM@Z)
Partida.obj : error LNK2019: símbolo externo "__declspec(dllimport) public: __cdecl sf::View::View(void)" (__imp_??0View@sf@@QEAA@XZ) sin resolver al que se hace referencia en la función "public: __cdecl Partida::Partida(class sf::RenderWindow &,class Nave *)" (??0Partida@@QEAA@AEAVRenderWindow@sf@@PEAVNave@@@Z)
Partida.obj : error LNK2019: símbolo externo "__declspec(dllimport) public: void __cdecl sf::View::setCenter(class sf::Vector2<float> const &)" (__imp_?setCenter@View@sf@@QEAAXAEBV?$Vector2@M@2@@Z) sin resolver al que se hace referencia en la función "public: virtual void __cdecl Partida::actualizar(class Juego &)" (?actualizar@Partida@@UEAAXAEAVJuego@@@Z)
Partida.obj : error LNK2019: símbolo externo "__declspec(dllimport) public: void __cdecl sf::View::reset(class sf::Rect<float> const &)" (__imp_?reset@View@sf@@QEAAXAEBV?$Rect@M@2@@Z) sin resolver al que se hace referencia en la función "public: __cdecl Partida::Partida(class sf::RenderWindow &,class Nave *)" (??0Partida@@QEAA@AEAVRenderWindow@sf@@PEAVNave@@@Z)
Partida.obj : error LNK2019: símbolo externo "__declspec(dllimport) public: void __cdecl sf::RenderTarget::setView(class sf::View const &)" (__imp_?setView@RenderTarget@sf@@QEAAXAEBVView@2@@Z) sin resolver al que se hace referencia en la función "public: virtual void __cdecl Partida::dibujar(class sf::RenderTarget &)" (?dibujar@Partida@@UEAAXAEAVRenderTarget@sf@@@Z)
Partida.obj : error LNK2019: símbolo externo "__declspec(dllimport) public: class sf::View const & __cdecl sf::RenderTarget::getDefaultView(void)const " (__imp_?getDefaultView@RenderTarget@sf@@QEBAAEBVView@2@XZ) sin resolver al que se hace referencia en la función "public: virtual void __cdecl Partida::dibujar(class sf::RenderTarget &)" (?dibujar@Partida@@UEAAXAEAVRenderTarget@sf@@@Z)
PausaMenu.obj : error LNK2019: símbolo externo "__declspec(dllimport) public: void __cdecl sf::RectangleShape::setSize(class sf::Vector2<float> const &)" (__imp_?setSize@RectangleShape@sf@@QEAAXAEBV?$Vector2@M@2@@Z) sin resolver al que se hace referencia en la función "public: __cdecl PausaMenu::PausaMenu(class sf::RenderWindow &)" (??0PausaMenu@@QEAA@AEAVRenderWindow@sf@@@Z)
C:\SFML-2.5.1\lib\sfml-audio-d.lib : warning LNK4272: el tipo de máquina de biblioteca 'x86' está en conflicto con el tipo de máquina de destino 'x64'
C:\SFML-2.5.1\lib\sfml-graphics-d.lib : warning LNK4272: el tipo de máquina de biblioteca 'x86' está en conflicto con el tipo de máquina de destino 'x64'
C:\SFML-2.5.1\lib\sfml-main-d.lib : warning LNK4272: el tipo de máquina de biblioteca 'x86' está en conflicto con el tipo de máquina de destino 'x64'
C:\SFML-2.5.1\lib\sfml-system-d.lib : warning LNK4272: el tipo de máquina de biblioteca 'x86' está en conflicto con el tipo de máquina de destino 'x64'
C:\SFML-2.5.1\lib\sfml-window-d.lib : warning LNK4272: el tipo de máquina de biblioteca 'x86' está en conflicto con el tipo de máquina de destino 'x64'
C:\Users\julio\Documents\GitHub\TP-Final-MAVI\x64\Debug\TP-Final-MAVI.exe : fatal error LNK1120: 74 externos sin resolver
